2026-02-24 03:47:06: 2026-02-24 03:47:06 [InstagramWatcher] INFO: Starting InstagramWatcher (interval: 180s)
2026-02-24 03:54:28: 2026-02-24 03:54:28 [InstagramWatcher] WARNING: Could not fetch Instagram notifications: ElementHandle.click: Element is not attached to the DOM
2026-02-24 03:54:28: Call log:
2026-02-24 03:54:28:   - attempting click action
2026-02-24 03:54:28:     - waiting for element to be visible, enabled and stable
2026-02-24 03:54:28: 
2026-02-24 03:57:48: 2026-02-24 03:57:48 [InstagramWatcher] WARNING: Could not fetch Instagram notifications: ElementHandle.click: Element is not attached to the DOM
2026-02-24 03:57:48: Call log:
2026-02-24 03:57:48:   - attempting click action
2026-02-24 03:57:48:     - waiting for element to be visible, enabled and stable
2026-02-24 03:57:48: 
2026-02-24 04:25:00: Traceback (most recent call last):
2026-02-24 04:25:00:   File "/mnt/f/Q4-Hackathon-0-Personal-AI-Employee/watchers/instagram_watcher.py", line 292, in <module>
2026-02-24 04:25:00:     return
2026-02-24 04:25:00:   File "/mnt/f/Q4-Hackathon-0-Personal-AI-Employee/watchers/instagram_watcher.py", line 288, in main
2026-02-24 04:25:00:     args = parser.parse_args()
2026-02-24 04:25:00:     ^^^^^^^^^^^^^
2026-02-24 04:25:00:   File "/mnt/f/Q4-Hackathon-0-Personal-AI-Employee/watchers/base_watcher.py", line 104, in run
2026-02-24 04:25:01:     time.sleep(self.check_interval)
2026-02-24 04:25:01: KeyboardInterrupt
2026-02-24 04:25:02: 2026-02-24 04:25:02 [InstagramWatcher] INFO: Starting InstagramWatcher (interval: 180s)
