2026-02-24 03:47:04: 2026-02-24 03:47:04 [Watchdog] INFO: Watchdog started. Monitoring 7 processes every 60s.
2026-02-24 03:47:04: 2026-02-24 03:47:04 [Watchdog] INFO: [orchestrator] Starting process: /usr/bin/python3 /mnt/f/Q4-Hackathon-0-Personal-AI-Employee/orchestrator.py --vault /mnt/f/Q4-Hackathon-0-Personal-AI-Employee/AI_Employee_Vault
2026-02-24 03:47:04: 2026-02-24 03:47:04 [Watchdog] INFO: [orchestrator] Started with PID 11971
2026-02-24 03:47:04: 2026-02-24 03:47:04 [Watchdog] INFO: [fs-watcher] Starting process: /usr/bin/python3 /mnt/f/Q4-Hackathon-0-Personal-AI-Employee/watchers/filesystem_watcher.py --vault /mnt/f/Q4-Hackathon-0-Personal-AI-Employee/AI_Employee_Vault
2026-02-24 03:47:04: 2026-02-24 03:47:04 [Watchdog] INFO: [fs-watcher] Started with PID 11972
2026-02-24 03:47:04: 2026-02-24 03:47:04 [Watchdog] INFO: [gmail-watcher] Starting process: /usr/bin/python3 /mnt/f/Q4-Hackathon-0-Personal-AI-Employee/watchers/gmail_watcher.py --vault /mnt/f/Q4-Hackathon-0-Personal-AI-Employee/AI_Employee_Vault
2026-02-24 03:47:04: 2026-02-24 03:47:04 [Watchdog] INFO: [gmail-watcher] Started with PID 11973
2026-02-24 03:47:04: 2026-02-24 03:47:04 [Watchdog] INFO: [whatsapp-watcher] Starting process: /usr/bin/python3 /mnt/f/Q4-Hackathon-0-Personal-AI-Employee/watchers/whatsapp_watcher.py --vault /mnt/f/Q4-Hackathon-0-Personal-AI-Employee/AI_Employee_Vault
2026-02-24 03:47:04: 2026-02-24 03:47:04 [Watchdog] INFO: [whatsapp-watcher] Started with PID 11974
2026-02-24 03:47:04: 2026-02-24 03:47:04 [Watchdog] INFO: [twitter-watcher] Starting process: /usr/bin/python3 /mnt/f/Q4-Hackathon-0-Personal-AI-Employee/watchers/twitter_watcher.py --vault /mnt/f/Q4-Hackathon-0-Personal-AI-Employee/AI_Employee_Vault
2026-02-24 03:47:04: 2026-02-24 03:47:04 [Watchdog] INFO: [twitter-watcher] Started with PID 11975
2026-02-24 03:47:04: 2026-02-24 03:47:04 [Watchdog] INFO: [facebook-watcher] Starting process: /usr/bin/python3 /mnt/f/Q4-Hackathon-0-Personal-AI-Employee/watchers/facebook_watcher.py --vault /mnt/f/Q4-Hackathon-0-Personal-AI-Employee/AI_Employee_Vault
2026-02-24 03:47:04: 2026-02-24 03:47:04 [Watchdog] INFO: [facebook-watcher] Started with PID 11979
2026-02-24 03:47:05: 2026-02-24 03:47:05 [Watchdog] INFO: [instagram-watcher] Starting process: /usr/bin/python3 /mnt/f/Q4-Hackathon-0-Personal-AI-Employee/watchers/instagram_watcher.py --vault /mnt/f/Q4-Hackathon-0-Personal-AI-Employee/AI_Employee_Vault
2026-02-24 03:47:05: 2026-02-24 03:47:05 [Watchdog] INFO: [instagram-watcher] Started with PID 11981
2026-02-24 03:47:05: 2026-02-24 03:47:05 [Watchdog] INFO: All monitored processes healthy.
2026-02-24 03:48:04: 2026-02-24 03:48:04 [Watchdog] INFO: All monitored processes healthy.
2026-02-24 03:49:03: 2026-02-24 03:49:03 [Watchdog] INFO: All monitored processes healthy.
2026-02-24 03:50:03: 2026-02-24 03:50:03 [Watchdog] INFO: All monitored processes healthy.
2026-02-24 03:51:03: 2026-02-24 03:51:03 [Watchdog] INFO: All monitored processes healthy.
2026-02-24 03:52:03: 2026-02-24 03:52:03 [Watchdog] INFO: All monitored processes healthy.
2026-02-24 03:53:03: 2026-02-24 03:53:03 [Watchdog] INFO: All monitored processes healthy.
2026-02-24 03:54:03: 2026-02-24 03:54:03 [Watchdog] INFO: All monitored processes healthy.
2026-02-24 03:55:03: 2026-02-24 03:55:03 [Watchdog] INFO: All monitored processes healthy.
2026-02-24 03:56:03: 2026-02-24 03:56:03 [Watchdog] INFO: All monitored processes healthy.
2026-02-24 03:57:15: 2026-02-24 03:57:15 [Watchdog] INFO: All monitored processes healthy.
2026-02-24 03:58:02: 2026-02-24 03:58:02 [Watchdog] INFO: All monitored processes healthy.
2026-02-24 03:59:02: 2026-02-24 03:59:02 [Watchdog] INFO: All monitored processes healthy.
2026-02-24 04:00:02: 2026-02-24 04:00:02 [Watchdog] INFO: All monitored processes healthy.
2026-02-24 04:01:02: 2026-02-24 04:01:02 [Watchdog] INFO: All monitored processes healthy.
2026-02-24 04:02:02: 2026-02-24 04:02:02 [Watchdog] INFO: All monitored processes healthy.
2026-02-24 04:03:02: 2026-02-24 04:03:02 [Watchdog] INFO: All monitored processes healthy.
2026-02-24 04:04:02: 2026-02-24 04:04:02 [Watchdog] INFO: All monitored processes healthy.
2026-02-24 04:05:02: 2026-02-24 04:05:02 [Watchdog] INFO: All monitored processes healthy.
2026-02-24 04:06:02: 2026-02-24 04:06:02 [Watchdog] INFO: All monitored processes healthy.
