2026-02-24 03:47:06: 
2026-02-24 03:47:06: ✅ Weekly briefing generated: /mnt/f/Q4-Hackathon-0-Personal-AI-Employee/AI_Employee_Vault/Briefings/2026-02-24_Weekly_Briefing.md
2026-02-24 03:47:06: 
2026-02-24 03:47:06: Preview:
2026-02-24 03:47:06: ============================================================
2026-02-24 03:47:06: ---
2026-02-24 03:47:06: generated: 2026-02-24T03:47:05.904605
2026-02-24 03:47:06: period: 2026-02-17 to 2026-02-24
2026-02-24 03:47:06: type: weekly_ceo_briefing
2026-02-24 03:47:06: ---
2026-02-24 03:47:06: 
2026-02-24 03:47:06: # Tuesday Morning CEO Briefing
2026-02-24 03:47:06: 
2026-02-24 03:47:06: *AI Employee · Gold Tier · Generated 2026-02-24 03:47*
2026-02-24 03:47:06: 
2026-02-24 03:47:06: ---
2026-02-24 03:47:06: 
2026-02-24 03:47:06: ## Executive Summary
2026-02-24 03:47:06: Below target week. Revenue at 0% of monthly target. Action required.
2026-02-24 03:47:06: 
2026-02-24 03:47:06: ---
2026-02-24 03:47:06: 
2026-02-24 03:47:06: ## Revenue
2026-02-24 03:47:06: | Metric | Value |
2026-02-24 03:47:06: |--------|-------|
2026-02-24 03:47:06: | This Period | $0.00 |
2026-02-24 03:47:06: | MTD | $0.00 (0% of $10,000 target) |
2026-02-24 03:47:06: | Trend | Behind target |
2026-02-24 03:47:06: 
2026-02-24 03:47:06: ---
2026-02-24 03:47:06: 
2026-02-24 03:47:06: ## Completed Tasks This Period
2026-02-24 03:47:06: Total: **32 tasks** completed
2026-02-24 03:47:06: 
2026-02-24 03:47:06: - EMAIL: 19
2026-02-24 03:47:06: - FILE: 6
2026-02-24 03:47:06: - APPROVAL: 3
2026-02-24 03:47:06: - 2026-02-24: 1
2026-02-24 03:47:06: - 2026-02: 1
2026-02-24 03:47:06: - task-test.md: 1
2026-02-24 03:47:06: - PLAN: 1
2026-02-24 03:47:06: 
2026-02-24 03:47:06: ### Recent Completions
2026-02-24 03:47:06: - [2026-02-24 01:50] `2026-02-24_Weekly_Briefing.md`
2026-02-24 03:47:06: - [2026-02-22 15:30] `APPROVAL_SECURITY_GoogleAppPassword_20260222b.md`
2026-02-24 03:47:06: ... (48 more lines)
