2026-02-24 03:47:06 [WhatsAppWatcher] INFO: Starting WhatsAppWatcher (interval: 30s)
2026-02-24 03:47:54 [WhatsAppWatcher] ERROR: Error in check_for_updates: BrowserType.launch_persistent_context: Target page, context or browser has been closed
Browser logs:

<launching> /home/naqeeb/.cache/ms-playwright/chromium-1208/chrome-linux64/chrome --disable-field-trial-config --disable-background-networking --disable-background-timer-throttling --disable-backgrounding-occluded-windows --disable-back-forward-cache --disable-breakpad --disable-client-side-phishing-detection --disable-component-extensions-with-background-pages --disable-component-update --no-default-browser-check --disable-default-apps --disable-dev-shm-usage --disable-extensions --disable-features=AvoidUnnecessaryBeforeUnloadCheckSync,BoundaryEventDispatchTracksNodeRemoval,DestroyProfileOnBrowserClose,DialMediaRouteProvider,GlobalMediaControls,HttpsUpgrades,LensOverlay,MediaRouter,PaintHolding,ThirdPartyStoragePartitioning,Translate,AutoDeElevate,RenderDocument,OptimizationHints --enable-features=CDPScreenshotNewSurface --allow-pre-commit-input --disable-hang-monitor --disable-ipc-flooding-protection --disable-popup-blocking --disable-prompt-on-repost --disable-renderer-backgrounding --force-color-profile=srgb --metrics-recording-only --no-first-run --password-store=basic --use-mock-keychain --no-service-autorun --export-tagged-pdf --disable-search-engine-choice-screen --unsafely-disable-devtools-self-xss-warnings --edge-skip-compat-layer-relaunch --disable-infobars --disable-search-engine-choice-screen --disable-sync --enable-unsafe-swiftshader --no-sandbox --no-sandbox --disable-dev-shm-usage --disable-blink-features=AutomationControlled --disable-infobars --disable-extensions --start-maximized --user-data-dir=/mnt/f/Q4-Hackathon-0-Personal-AI-Employee/.whatsapp_session --remote-debugging-pipe about:blank
<launched> pid=12169
[pid=12169][err] [12169:12169:0224/034736.436994:ERROR:chrome/browser/process_singleton_posix.cc:345] Failed to create /mnt/f/Q4-Hackathon-0-Personal-AI-Employee/.whatsapp_session/SingletonLock: File exists (17)
[pid=12169][out] Opening in existing browser session.
Call log:
  - <launching> /home/naqeeb/.cache/ms-playwright/chromium-1208/chrome-linux64/chrome --disable-field-trial-config --disable-background-networking --disable-background-timer-throttling --disable-backgrounding-occluded-windows --disable-back-forward-cache --disable-breakpad --disable-client-side-phishing-detection --disable-component-extensions-with-background-pages --disable-component-update --no-default-browser-check --disable-default-apps --disable-dev-shm-usage --disable-extensions --disable-features=AvoidUnnecessaryBeforeUnloadCheckSync,BoundaryEventDispatchTracksNodeRemoval,DestroyProfileOnBrowserClose,DialMediaRouteProvider,GlobalMediaControls,HttpsUpgrades,LensOverlay,MediaRouter,PaintHolding,ThirdPartyStoragePartitioning,Translate,AutoDeElevate,RenderDocument,OptimizationHints --enable-features=CDPScreenshotNewSurface --allow-pre-commit-input --disable-hang-monitor --disable-ipc-flooding-protection --disable-popup-blocking --disable-prompt-on-repost --disable-renderer-backgrounding --force-color-profile=srgb --metrics-recording-only --no-first-run --password-store=basic --use-mock-keychain --no-service-autorun --export-tagged-pdf --disable-search-engine-choice-screen --unsafely-disable-devtools-self-xss-warnings --edge-skip-compat-layer-relaunch --disable-infobars --disable-search-engine-choice-screen --disable-sync --enable-unsafe-swiftshader --no-sandbox --no-sandbox --disable-dev-shm-usage --disable-blink-features=AutomationControlled --disable-infobars --disable-extensions --start-maximized --user-data-dir=/mnt/f/Q4-Hackathon-0-Personal-AI-Employee/.whatsapp_session --remote-debugging-pipe about:blank
  - <launched> pid=12169
  - [pid=12169][err] [12169:12169:0224/034736.436994:ERROR:chrome/browser/process_singleton_posix.cc:345] Failed to create /mnt/f/Q4-Hackathon-0-Personal-AI-Employee/.whatsapp_session/SingletonLock: File exists (17)
  - [pid=12169][out] Opening in existing browser session.
  - [pid=12169] <gracefully close start>
  - [pid=12169] <kill>
  - [pid=12169] <will force kill>
  - [pid=12169] <process did exit: exitCode=0, signal=null>
  - [pid=12169] starting temporary directories cleanup
  - [pid=12169] finished temporary directories cleanup
  - [pid=12169] <gracefully close end>

2026-02-24 03:48:11 [WhatsAppWatcher] WARNING: WhatsApp scrape error: 'NoneType' object has no attribute 'url'
2026-02-24 03:48:41 [WhatsAppWatcher] WARNING: WhatsApp scrape error: 'NoneType' object has no attribute 'url'
2026-02-24 03:49:11 [WhatsAppWatcher] WARNING: WhatsApp scrape error: 'NoneType' object has no attribute 'url'
2026-02-24 03:49:41 [WhatsAppWatcher] WARNING: WhatsApp scrape error: 'NoneType' object has no attribute 'url'
2026-02-24 03:50:11 [WhatsAppWatcher] WARNING: WhatsApp scrape error: 'NoneType' object has no attribute 'url'
2026-02-24 03:50:41 [WhatsAppWatcher] WARNING: WhatsApp scrape error: 'NoneType' object has no attribute 'url'
2026-02-24 03:51:11 [WhatsAppWatcher] WARNING: WhatsApp scrape error: 'NoneType' object has no attribute 'url'
2026-02-24 03:51:41 [WhatsAppWatcher] WARNING: WhatsApp scrape error: 'NoneType' object has no attribute 'url'
2026-02-24 03:52:11 [WhatsAppWatcher] WARNING: WhatsApp scrape error: 'NoneType' object has no attribute 'url'
2026-02-24 03:52:41 [WhatsAppWatcher] WARNING: WhatsApp scrape error: 'NoneType' object has no attribute 'url'
2026-02-24 03:53:11 [WhatsAppWatcher] WARNING: WhatsApp scrape error: 'NoneType' object has no attribute 'url'
2026-02-24 03:53:41 [WhatsAppWatcher] WARNING: WhatsApp scrape error: 'NoneType' object has no attribute 'url'
2026-02-24 03:54:11 [WhatsAppWatcher] WARNING: WhatsApp scrape error: 'NoneType' object has no attribute 'url'
2026-02-24 03:54:40 [WhatsAppWatcher] WARNING: WhatsApp scrape error: 'NoneType' object has no attribute 'url'
2026-02-24 03:55:10 [WhatsAppWatcher] WARNING: WhatsApp scrape error: 'NoneType' object has no attribute 'url'
2026-02-24 03:55:40 [WhatsAppWatcher] WARNING: WhatsApp scrape error: 'NoneType' object has no attribute 'url'
2026-02-24 03:56:10 [WhatsAppWatcher] WARNING: WhatsApp scrape error: 'NoneType' object has no attribute 'url'
2026-02-24 03:56:40 [WhatsAppWatcher] WARNING: WhatsApp scrape error: 'NoneType' object has no attribute 'url'
2026-02-24 03:57:10 [WhatsAppWatcher] WARNING: WhatsApp scrape error: 'NoneType' object has no attribute 'url'
2026-02-24 03:57:40 [WhatsAppWatcher] WARNING: WhatsApp scrape error: 'NoneType' object has no attribute 'url'
2026-02-24 03:58:09 [WhatsAppWatcher] WARNING: WhatsApp scrape error: 'NoneType' object has no attribute 'url'
2026-02-24 03:58:39 [WhatsAppWatcher] WARNING: WhatsApp scrape error: 'NoneType' object has no attribute 'url'
2026-02-24 03:59:09 [WhatsAppWatcher] WARNING: WhatsApp scrape error: 'NoneType' object has no attribute 'url'
2026-02-24 03:59:39 [WhatsAppWatcher] WARNING: WhatsApp scrape error: 'NoneType' object has no attribute 'url'
2026-02-24 04:00:09 [WhatsAppWatcher] WARNING: WhatsApp scrape error: 'NoneType' object has no attribute 'url'
2026-02-24 04:00:39 [WhatsAppWatcher] WARNING: WhatsApp scrape error: 'NoneType' object has no attribute 'url'
2026-02-24 04:01:09 [WhatsAppWatcher] WARNING: WhatsApp scrape error: 'NoneType' object has no attribute 'url'
2026-02-24 04:01:39 [WhatsAppWatcher] WARNING: WhatsApp scrape error: 'NoneType' object has no attribute 'url'
2026-02-24 04:02:09 [WhatsAppWatcher] WARNING: WhatsApp scrape error: 'NoneType' object has no attribute 'url'
2026-02-24 04:02:39 [WhatsAppWatcher] WARNING: WhatsApp scrape error: 'NoneType' object has no attribute 'url'
2026-02-24 04:03:09 [WhatsAppWatcher] WARNING: WhatsApp scrape error: 'NoneType' object has no attribute 'url'
2026-02-24 04:03:39 [WhatsAppWatcher] WARNING: WhatsApp scrape error: 'NoneType' object has no attribute 'url'
2026-02-24 04:04:09 [WhatsAppWatcher] WARNING: WhatsApp scrape error: 'NoneType' object has no attribute 'url'
2026-02-24 04:04:39 [WhatsAppWatcher] WARNING: WhatsApp scrape error: 'NoneType' object has no attribute 'url'
2026-02-24 04:05:09 [WhatsAppWatcher] WARNING: WhatsApp scrape error: 'NoneType' object has no attribute 'url'
2026-02-24 04:05:39 [WhatsAppWatcher] WARNING: WhatsApp scrape error: 'NoneType' object has no attribute 'url'
2026-02-24 04:06:08 [WhatsAppWatcher] WARNING: WhatsApp scrape error: 'NoneType' object has no attribute 'url'
