2026-02-22 04:03:32: 2026-02-22 04:03:32 [WhatsAppWatcher] INFO: Starting WhatsAppWatcher (interval: 30s)
2026-02-22 04:03:48: 2026-02-22 04:03:48 [WhatsAppWatcher] ERROR: Error in check_for_updates: BrowserType.launch_persistent_context: Target page, context or browser has been closed
2026-02-22 04:03:48: Browser logs:
2026-02-22 04:03:48: 
2026-02-22 04:03:48: <launching> /home/naqeeb/.cache/ms-playwright/chromium-1208/chrome-linux64/chrome --disable-field-trial-config --disable-background-networking --disable-background-timer-throttling --disable-backgrounding-occluded-windows --disable-back-forward-cache --disable-breakpad --disable-client-side-phishing-detection --disable-component-extensions-with-background-pages --disable-component-update --no-default-browser-check --disable-default-apps --disable-dev-shm-usage --disable-extensions --disable-features=AvoidUnnecessaryBeforeUnloadCheckSync,BoundaryEventDispatchTracksNodeRemoval,DestroyProfileOnBrowserClose,DialMediaRouteProvider,GlobalMediaControls,HttpsUpgrades,LensOverlay,MediaRouter,PaintHolding,ThirdPartyStoragePartitioning,Translate,AutoDeElevate,RenderDocument,OptimizationHints --enable-features=CDPScreenshotNewSurface --allow-pre-commit-input --disable-hang-monitor --disable-ipc-flooding-protection --disable-popup-blocking --disable-prompt-on-repost --disable-renderer-backgrounding --force-color-profile=srgb --metrics-recording-only --no-first-run --password-store=basic --use-mock-keychain --no-service-autorun --export-tagged-pdf --disable-search-engine-choice-screen --unsafely-disable-devtools-self-xss-warnings --edge-skip-compat-layer-relaunch --disable-infobars --disable-search-engine-choice-screen --disable-sync --enable-unsafe-swiftshader --no-sandbox --no-sandbox --disable-dev-shm-usage --disable-blink-features=AutomationControlled --disable-infobars --disable-extensions --start-maximized --user-data-dir=/mnt/f/Q4-Hackathon-0-Personal-AI-Employee/.whatsapp_session --remote-debugging-pipe about:blank
2026-02-22 04:03:48: <launched> pid=16051
2026-02-22 04:03:48: [pid=16051][out] Opening in existing browser session.
2026-02-22 04:03:48: Call log:
2026-02-22 04:03:48:   - <launching> /home/naqeeb/.cache/ms-playwright/chromium-1208/chrome-linux64/chrome --disable-field-trial-config --disable-background-networking --disable-background-timer-throttling --disable-backgrounding-occluded-windows --disable-back-forward-cache --disable-breakpad --disable-client-side-phishing-detection --disable-component-extensions-with-background-pages --disable-component-update --no-default-browser-check --disable-default-apps --disable-dev-shm-usage --disable-extensions --disable-features=AvoidUnnecessaryBeforeUnloadCheckSync,BoundaryEventDispatchTracksNodeRemoval,DestroyProfileOnBrowserClose,DialMediaRouteProvider,GlobalMediaControls,HttpsUpgrades,LensOverlay,MediaRouter,PaintHolding,ThirdPartyStoragePartitioning,Translate,AutoDeElevate,RenderDocument,OptimizationHints --enable-features=CDPScreenshotNewSurface --allow-pre-commit-input --disable-hang-monitor --disable-ipc-flooding-protection --disable-popup-blocking --disable-prompt-on-repost --disable-renderer-backgrounding --force-color-profile=srgb --metrics-recording-only --no-first-run --password-store=basic --use-mock-keychain --no-service-autorun --export-tagged-pdf --disable-search-engine-choice-screen --unsafely-disable-devtools-self-xss-warnings --edge-skip-compat-layer-relaunch --disable-infobars --disable-search-engine-choice-screen --disable-sync --enable-unsafe-swiftshader --no-sandbox --no-sandbox --disable-dev-shm-usage --disable-blink-features=AutomationControlled --disable-infobars --disable-extensions --start-maximized --user-data-dir=/mnt/f/Q4-Hackathon-0-Personal-AI-Employee/.whatsapp_session --remote-debugging-pipe about:blank
2026-02-22 04:03:48:   - <launched> pid=16051
2026-02-22 04:03:48:   - [pid=16051][out] Opening in existing browser session.
2026-02-22 04:03:48:   - [pid=16051] <gracefully close start>
2026-02-22 04:03:48:   - [pid=16051] <kill>
2026-02-22 04:03:48:   - [pid=16051] <will force kill>
2026-02-22 04:03:48:   - [pid=16051] <process did exit: exitCode=0, signal=null>
2026-02-22 04:03:48:   - [pid=16051] starting temporary directories cleanup
2026-02-22 04:03:48:   - [pid=16051] finished temporary directories cleanup
2026-02-22 04:03:48:   - [pid=16051] <gracefully close end>
2026-02-22 04:03:48: 
2026-02-22 04:04:06: 2026-02-22 04:04:06 [WhatsAppWatcher] WARNING: WhatsApp scrape error: 'NoneType' object has no attribute 'url'
2026-02-22 04:04:34: 2026-02-22 04:04:34 [WhatsAppWatcher] WARNING: WhatsApp scrape error: 'NoneType' object has no attribute 'url'
2026-02-22 04:05:01: 2026-02-22 04:05:01 [WhatsAppWatcher] WARNING: WhatsApp scrape error: 'NoneType' object has no attribute 'url'
2026-02-22 04:05:28: 2026-02-22 04:05:28 [WhatsAppWatcher] WARNING: WhatsApp scrape error: 'NoneType' object has no attribute 'url'
2026-02-22 04:05:55: 2026-02-22 04:05:55 [WhatsAppWatcher] WARNING: WhatsApp scrape error: 'NoneType' object has no attribute 'url'
2026-02-22 04:06:23: 2026-02-22 04:06:23 [WhatsAppWatcher] WARNING: WhatsApp scrape error: 'NoneType' object has no attribute 'url'
2026-02-22 04:06:50: 2026-02-22 04:06:50 [WhatsAppWatcher] WARNING: WhatsApp scrape error: 'NoneType' object has no attribute 'url'
2026-02-22 04:07:17: 2026-02-22 04:07:17 [WhatsAppWatcher] WARNING: WhatsApp scrape error: 'NoneType' object has no attribute 'url'
2026-02-22 04:07:38: Traceback (most recent call last):
2026-02-22 04:07:38:   File "/mnt/f/Q4-Hackathon-0-Personal-AI-Employee/watchers/whatsapp_watcher.py", line 431, in <module>
2026-02-22 04:07:38:     main()
2026-02-22 04:07:38:   File "/mnt/f/Q4-Hackathon-0-Personal-AI-Employee/watchers/whatsapp_watcher.py", line 427, in main
2026-02-22 04:07:38:     watcher.run()
2026-02-22 04:07:38:   File "/mnt/f/Q4-Hackathon-0-Personal-AI-Employee/watchers/base_watcher.py", line 104, in run
2026-02-22 04:07:38:     time.sleep(self.check_interval)
2026-02-22 04:07:38: KeyboardInterrupt
2026-02-24 03:47:05: 2026-02-24 03:47:05 [WhatsAppWatcher] INFO: Starting WhatsAppWatcher (interval: 30s)
2026-02-24 03:47:44: 2026-02-24 03:47:44 [WhatsAppWatcher] INFO: Opening WhatsApp Web (you can minimise the browser window)...
2026-02-24 03:48:02: 2026-02-24 03:48:02 [WhatsAppWatcher] INFO: WhatsApp Web loaded. Monitoring started.
